


ARM Macro Assembler    Page 1 


    1 00000000                 AREA             Reset,DATA, READONLY
    2 00000000                 EXPORT           __Vectors
    3 00000000         __Vectors
    4 00000000 10001000        DCD              0x10001000
    5 00000004 00000000        DCD              Reset_Handler
    6 00000008                 ALIGN
    7 00000008                 AREA             mycode,CODE,READONLY
    8 00000000                 ENTRY
    9 00000000                 EXPORT           Reset_Handler
   10 00000000         Reset_Handler
   11 00000000 482B            LDR              R0,=ARR1
   12 00000002 492C            LDR              R1,=ARR2
   13 00000004 F8DF A0B0       LDR              R10,=SIZE
   14 00000008 F8DA 2000       LDR              R2,[R10]    ;DIMENSIONS
   15 0000000C 4B2B            LDR              R3,=DEST
   16 0000000E F04F 0B04       MOV              R11,#4
   17 00000012 F04F 0400       MOV              R4,#0       ;CURRENT COUNT OF A
                                                            RRAY COVERED (1,2,3
                                                            )
   18 00000016 F04F 0500       MOV              R5,#0       ;SUM
   19 0000001A FB02 F70B       MUL              R7,R2,R11   ;NUMBER OF SPACES T
                                                            O MOVE AHEAD IN EAC
                                                            H LOOP IN LOOP2
   20 0000001E F04F 0C00       MOV              R12,#0
   21 00000022         ;ROW SUM OF ARRAY 1
   22 00000022 4294    LOOP1   CMP              R4,R2       ;CHECKS HOW MANY EL
                                                            EMENTS HAVE BEEN AD
                                                            DED => N AT A TIME
   23 00000024 D005            BEQ              RESETCOUNT1 ;IF N ELEMENTS ADDE
                                                            D GO TO NEXT LOOP
   24 00000026 F850 6B04       LDR              R6,[R0],#4  ;LOADS THE CURRENT 
                                                            VALUE AND INCREMENT
                                                            S TO NEXT VALUE FRO
                                                            M ARRAY1
   25 0000002A 4435            ADD              R5,R5,R6    ; ADD VALUE OBTAINE
                                                            D TO SUM
   26 0000002C F104 0401       ADD              R4,R4,#1    ; INCREMENT COUNT
   27 00000030 E7F7            B                LOOP1
   28 00000032         
   29 00000032         RESETCOUNT1
   30 00000032 F04F 0400       MOV              R4,#0       ;RESET COUNT FOR NE
                                                            XT LOOP TO COUNT SA
                                                            ME NUMBER OF ELEMEN
                                                            TS
   31 00000036 E7FF            B                LOOP2
   32 00000038         
   33 00000038 4294    LOOP2   CMP              R4,R2       ;COMPARE R4 TO R2 S
                                                            O WHEN COMPARED WE 
                                                            GET EXACTLY N ELEME
                                                            NTS
   34 0000003A D006            BEQ              RESETCOUNT2 ;iF N ELEMENTS ADDE
                                                            D MOVE TO NEXT LOOP
                                                            
   35 0000003C F851 600C       LDR              R6,[R1,R12] ; OBTAIN ELEMENT FR
                                                            OM ARRAY2+i WHERE i
                                                            <N THEN POST INCREM
                                                            ENT IT BY N PLACES
   36 00000040 4439            ADD              R1,R1,R7
   37 00000042 4435            ADD              R5,R5,R6    ;ADD THE SUM TO CUR



ARM Macro Assembler    Page 2 


                                                            RENT SUM
   38 00000044 F104 0401       ADD              R4,R4,#1    ; KEEP COUNT OF NUM
                                                            BER OF ELEMENTS ADD
                                                            ED
   39 00000048 E7F6            B                LOOP2
   40 0000004A         
   41 0000004A         RESETCOUNT2
   42 0000004A         ;array 1 need not be restored
   43 0000004A 491A            LDR              R1,=ARR2    ;reset array 2 to o
                                                            riginal position
   44 0000004C F04F 0400       MOV              R4,#0       ;RESET COUNT AS BEF
                                                            ORE
   45 00000050 F843 5B04       STR              R5,[R3],#4  ;TORE THE SUM
   46 00000054 F04F 0500       MOV              R5,#0       ;RESET SUM
   47 00000058 F10C 0C04       ADD              R12,R12,#4  ;INCREMENT NUMBER O
                                                            F ROWS COVERED SHOU
                                                            LD BE < N
   48 0000005C 45BC            CMP              R12,R7      ;COMPARE WITH NUMBE
                                                            R OF ROWS 
   49 0000005E DBE0            BLT              LOOP1
   50 00000060 E7FE    STOP    B                STOP
   51 00000062 00 00 00000001 
              00000002 
              00000003 
              00000004 
              00000005 
              00000006 
              00000007 
              00000008 
              00000009 ARR1    DCD              1,2,3,4,5,6,7,8,9
   52 00000088 00000001 
              00000002 
              00000003 
              00000004 
              00000005 
              00000006 
              00000007 
              00000008 
              00000009 ARR2    DCD              1,2,3,4,5,6,7,8,9
   53 000000AC 00000003 
                       SIZE    DCD              3
   54 000000B0 00000000 
              00000000 
              00000000 
              00000000 
              00000000         AREA             data,DATA, READWRITE
   55 00000000 00000000 
                       DEST    DCD              0
   56 00000004                 END
Command Line: --debug --xref --cpu=Cortex-M3 --apcs=interwork --depend=.\exam.d
 -o.\exam.o -IC:\Keil\ARM\RV31\INC -IC:\Keil\ARM\CMSIS\Include -IC:\Keil\ARM\In
c\NXP\LPC17xx --predefine="__EVAL SETA 1" --list=.\exam.lst exam.s



ARM Macro Assembler    Page 1 Alphabetic symbol ordering
Relocatable symbols

Reset 00000000

Symbol: Reset
   Definitions
      At line 1 in file exam.s
   Uses
      None
Comment: Reset unused
__Vectors 00000000

Symbol: __Vectors
   Definitions
      At line 3 in file exam.s
   Uses
      At line 2 in file exam.s
Comment: __Vectors used once
2 symbols



ARM Macro Assembler    Page 1 Alphabetic symbol ordering
Relocatable symbols

ARR1 00000064

Symbol: ARR1
   Definitions
      At line 51 in file exam.s
   Uses
      At line 11 in file exam.s
Comment: ARR1 used once
ARR2 00000088

Symbol: ARR2
   Definitions
      At line 52 in file exam.s
   Uses
      At line 12 in file exam.s
      At line 43 in file exam.s

LOOP1 00000022

Symbol: LOOP1
   Definitions
      At line 22 in file exam.s
   Uses
      At line 27 in file exam.s
      At line 49 in file exam.s

LOOP2 00000038

Symbol: LOOP2
   Definitions
      At line 33 in file exam.s
   Uses
      At line 31 in file exam.s
      At line 39 in file exam.s

RESETCOUNT1 00000032

Symbol: RESETCOUNT1
   Definitions
      At line 29 in file exam.s
   Uses
      At line 23 in file exam.s
Comment: RESETCOUNT1 used once
RESETCOUNT2 0000004A

Symbol: RESETCOUNT2
   Definitions
      At line 41 in file exam.s
   Uses
      At line 34 in file exam.s
Comment: RESETCOUNT2 used once
Reset_Handler 00000000

Symbol: Reset_Handler
   Definitions
      At line 10 in file exam.s
   Uses
      At line 5 in file exam.s
      At line 9 in file exam.s



ARM Macro Assembler    Page 2 Alphabetic symbol ordering
Relocatable symbols


SIZE 000000AC

Symbol: SIZE
   Definitions
      At line 53 in file exam.s
   Uses
      At line 13 in file exam.s
Comment: SIZE used once
STOP 00000060

Symbol: STOP
   Definitions
      At line 50 in file exam.s
   Uses
      At line 50 in file exam.s
Comment: STOP used once
mycode 00000000

Symbol: mycode
   Definitions
      At line 7 in file exam.s
   Uses
      None
Comment: mycode unused
10 symbols



ARM Macro Assembler    Page 1 Alphabetic symbol ordering
Relocatable symbols

DEST 00000000

Symbol: DEST
   Definitions
      At line 55 in file exam.s
   Uses
      At line 15 in file exam.s
Comment: DEST used once
data 00000000

Symbol: data
   Definitions
      At line 54 in file exam.s
   Uses
      None
Comment: data unused
2 symbols
347 symbols in table
