


ARM Macro Assembler    Page 1 


    1 00000000                 AREA             RESET,DATA,READONLY
    2 00000000                 EXPORT           __Vectors
    3 00000000         __Vectors
    4 00000000 10001000        DCD              0X10001000
    5 00000004 00000000        DCD              Reset_Handler
    6 00000008                 ALIGN
    7 00000008                 AREA             mycode,CODE,READONLY
    8 00000000                 ENTRY
    9 00000000                 EXPORT           Reset_Handler
   10 00000000         Reset_Handler
   11 00000000 4808            LDR              R0,=SRC
   12 00000002 4D09            LDR              R5,=DEST
   13 00000004 6801            LDR              R1,[R0]
   14 00000006 460A            MOV              R2,R1
   15 00000008 EA4F 4202       LSL              R2,#16
   16 0000000C EA4F 4212       LSR              R2,#16
   17 00000010 EA4F 4111       LSR              R1,#16
   18 00000014 FB01 F602       MUL              R6,R1,R2
   19 00000018 BA36            REV              R6,R6
   20 0000001A 602E            STR              R6,[R5]
   21 0000001C E7FE    STOP    B                STOP
   22 0000001E 00 00 12345678 
                       SRC     DCD              0X12345678
   23 00000024 00000000 
              00000000         AREA             data,DATA,READWRITE
   24 00000000 00000000 
                       DEST    DCD              0
   25 00000004                 END
Command Line: --debug --xref --cpu=Cortex-M3 --apcs=interwork --depend=.\practi
ce2.d -o.\practice2.o -IC:\Keil\ARM\RV31\INC -IC:\Keil\ARM\CMSIS\Include -IC:\K
eil\ARM\Inc\NXP\LPC17xx --predefine="__EVAL SETA 1" --list=.\practice2.lst prac
tice2.s



ARM Macro Assembler    Page 1 Alphabetic symbol ordering
Relocatable symbols

RESET 00000000

Symbol: RESET
   Definitions
      At line 1 in file practice2.s
   Uses
      None
Comment: RESET unused
__Vectors 00000000

Symbol: __Vectors
   Definitions
      At line 3 in file practice2.s
   Uses
      At line 2 in file practice2.s
Comment: __Vectors used once
2 symbols



ARM Macro Assembler    Page 1 Alphabetic symbol ordering
Relocatable symbols

Reset_Handler 00000000

Symbol: Reset_Handler
   Definitions
      At line 10 in file practice2.s
   Uses
      At line 5 in file practice2.s
      At line 9 in file practice2.s

SRC 00000020

Symbol: SRC
   Definitions
      At line 22 in file practice2.s
   Uses
      At line 11 in file practice2.s
Comment: SRC used once
STOP 0000001C

Symbol: STOP
   Definitions
      At line 21 in file practice2.s
   Uses
      At line 21 in file practice2.s
Comment: STOP used once
mycode 00000000

Symbol: mycode
   Definitions
      At line 7 in file practice2.s
   Uses
      None
Comment: mycode unused
4 symbols



ARM Macro Assembler    Page 1 Alphabetic symbol ordering
Relocatable symbols

DEST 00000000

Symbol: DEST
   Definitions
      At line 24 in file practice2.s
   Uses
      At line 12 in file practice2.s
Comment: DEST used once
data 00000000

Symbol: data
   Definitions
      At line 23 in file practice2.s
   Uses
      None
Comment: data unused
2 symbols
341 symbols in table
