


ARM Macro Assembler    Page 1 


    1 00000000                 AREA             RESET,DATA,READONLY
    2 00000000                 EXPORT           __Vectors
    3 00000000         __Vectors
    4 00000000 10001000        DCD              0X10001000
    5 00000004 00000000        DCD              Reset_Handler
    6 00000008                 ALIGN
    7 00000008                 AREA             mycode,CODE,READONLY
    8 00000000                 ENTRY
    9 00000000                 EXPORT           Reset_Handler
   10 00000000         Reset_Handler
   11 00000000 480A            LDR              R0,=SRC
   12 00000002 6801            LDR              R1,[R0]
   13 00000004 F04F 0400       MOV              R4,#0       ; MULTIPLIER
   14 00000008 F04F 0200       MOV              R2,#0
   15 0000000C         LOOP
   16 0000000C F104 0401       ADD              R4,R4,#1
   17 00000010 F001 030F       AND              R3,R1,#0XF
   18 00000014 FB03 F504       MUL              R5,R3,R4
   19 00000018 442A            ADD              R2,R2,R5
   20 0000001A 2C08            CMP              R4,#8
   21 0000001C D1F6            BNE              LOOP
   22 0000001E         
   23 0000001E F8DF A010       LDR              R10,=DEST
   24 00000022 F8CA 2000       STR              R2,[R10]
   25 00000026         
   26 00000026 E7FE    STOP    B                STOP
   27 00000028 11111111 
                       SRC     DCD              0X11111111
   28 0000002C 00000000 
              00000000         AREA             data,DATA,READWRITE
   29 00000000 00000000 
                       DEST    DCD              0
   30 00000004                 END
Command Line: --debug --xref --cpu=Cortex-M3 --apcs=interwork --depend=.\practi
ce3.d -o.\practice3.o -IC:\Keil\ARM\RV31\INC -IC:\Keil\ARM\CMSIS\Include -IC:\K
eil\ARM\Inc\NXP\LPC17xx --predefine="__EVAL SETA 1" --list=.\practice3.lst prac
tice3.s



ARM Macro Assembler    Page 1 Alphabetic symbol ordering
Relocatable symbols

RESET 00000000

Symbol: RESET
   Definitions
      At line 1 in file practice3.s
   Uses
      None
Comment: RESET unused
__Vectors 00000000

Symbol: __Vectors
   Definitions
      At line 3 in file practice3.s
   Uses
      At line 2 in file practice3.s
Comment: __Vectors used once
2 symbols



ARM Macro Assembler    Page 1 Alphabetic symbol ordering
Relocatable symbols

LOOP 0000000C

Symbol: LOOP
   Definitions
      At line 15 in file practice3.s
   Uses
      At line 21 in file practice3.s
Comment: LOOP used once
Reset_Handler 00000000

Symbol: Reset_Handler
   Definitions
      At line 10 in file practice3.s
   Uses
      At line 5 in file practice3.s
      At line 9 in file practice3.s

SRC 00000028

Symbol: SRC
   Definitions
      At line 27 in file practice3.s
   Uses
      At line 11 in file practice3.s
Comment: SRC used once
STOP 00000026

Symbol: STOP
   Definitions
      At line 26 in file practice3.s
   Uses
      At line 26 in file practice3.s
Comment: STOP used once
mycode 00000000

Symbol: mycode
   Definitions
      At line 7 in file practice3.s
   Uses
      None
Comment: mycode unused
5 symbols



ARM Macro Assembler    Page 1 Alphabetic symbol ordering
Relocatable symbols

DEST 00000000

Symbol: DEST
   Definitions
      At line 29 in file practice3.s
   Uses
      At line 23 in file practice3.s
Comment: DEST used once
data 00000000

Symbol: data
   Definitions
      At line 28 in file practice3.s
   Uses
      None
Comment: data unused
2 symbols
342 symbols in table
