


ARM Macro Assembler    Page 1 


    1 00000000                 AREA             Reset,DATA,READONLY 
                                                            ;SELECTION SORT
    2 00000000                 EXPORT           __Vectors
    3 00000000         __Vectors
    4 00000000 10001000        DCD              0x10001000
    5 00000004 00000000        DCD              Reset_Handler
    6 00000008                 ALIGN
    7 00000008                 AREA             mycode,CODE,READONLY
    8 00000000                 ENTRY
    9 00000000                 EXPORT           Reset_Handler
   10 00000000         Reset_Handler
   11 00000000 481B            LDR              R0,=IN
   12 00000002 4681            MOV              R9,R0
   13 00000004 491B            LDR              R1,=OUT
   14 00000006 F850 2B04 
                       LOOP    LDR              R2,[R0],#4
   15 0000000A F841 2B04       STR              R2,[R1],#4
   16 0000000E 454A            CMP              R2,R9
   17 00000010 D1F9            BNE              LOOP
   18 00000012 D0FF            BEQ              EXIT1
   19 00000014         
   20 00000014 4817    EXIT1   LDR              R0,=OUT
   21 00000016         
   22 00000016 4602    INIT    MOV              R2,R0       ;INNER LOOP
   23 00000018 F8D0 B000       LDR              R11,[R0]
   24 0000001C 45CB            CMP              R11,R9
   25 0000001E D016            BEQ              STOP
   26 00000020 F04F 05FF       MOV              R5,#255
   27 00000024 6814    LOOP2   LDR              R4,[R2]
   28 00000026 454C            CMP              R4,R9
   29 00000028 D00A            BEQ              CHANGE
   30 0000002A 42AC            CMP              R4,R5
   31 0000002C DB02            BLT              UPDATE
   32 0000002E F102 0204       ADD              R2,#4
   33 00000032 E7F7    RET     B                LOOP2
   34 00000034         
   35 00000034 4625    UPDATE  MOV              R5,R4
   36 00000036 4626            MOV              R6,R4       ;STORE VALUE
   37 00000038 4617            MOV              R7,R2       ;STORES ADDRESS
   38 0000003A F102 0204       ADD              R2,R2,#4
   39 0000003E E7F1            B                LOOP2
   40 00000040         
   41 00000040 F8D0 8000 
                       CHANGE  LDR              R8,[R0]
   42 00000044 F840 6B04       STR              R6,[R0],#4
   43 00000048 F8C7 8000       STR              R8,[R7]
   44 0000004C E7E3            B                INIT
   45 0000004E         
   46 0000004E E7FE    STOP    B                STOP
   47 00000050 00000002 
              00000004 
              00000001 
              00000003 
              00000005 
              00000006 
              00000007 
              00000006 IN      DCD              2,4,1,3,5,6,7,6
   48 00000070 00000000 
              00000000 



ARM Macro Assembler    Page 2 


              00000000         AREA             data,DATA,READWRITE
   49 00000000 00000000 
                       OUT     DCD              0
   50 00000004                 END
Command Line: --debug --xref --cpu=Cortex-M3 --apcs=interwork --depend=.\practi
ce1.d -o.\practice1.o -IC:\Keil\ARM\RV31\INC -IC:\Keil\ARM\CMSIS\Include -IC:\K
eil\ARM\Inc\NXP\LPC17xx --predefine="__EVAL SETA 1" --list=.\practice1.lst prac
tice1.s



ARM Macro Assembler    Page 1 Alphabetic symbol ordering
Relocatable symbols

Reset 00000000

Symbol: Reset
   Definitions
      At line 1 in file practice1.s
   Uses
      None
Comment: Reset unused
__Vectors 00000000

Symbol: __Vectors
   Definitions
      At line 3 in file practice1.s
   Uses
      At line 2 in file practice1.s
Comment: __Vectors used once
2 symbols



ARM Macro Assembler    Page 1 Alphabetic symbol ordering
Relocatable symbols

CHANGE 00000040

Symbol: CHANGE
   Definitions
      At line 41 in file practice1.s
   Uses
      At line 29 in file practice1.s
Comment: CHANGE used once
EXIT1 00000014

Symbol: EXIT1
   Definitions
      At line 20 in file practice1.s
   Uses
      At line 18 in file practice1.s
Comment: EXIT1 used once
IN 00000050

Symbol: IN
   Definitions
      At line 47 in file practice1.s
   Uses
      At line 11 in file practice1.s
Comment: IN used once
INIT 00000016

Symbol: INIT
   Definitions
      At line 22 in file practice1.s
   Uses
      At line 44 in file practice1.s
Comment: INIT used once
LOOP 00000006

Symbol: LOOP
   Definitions
      At line 14 in file practice1.s
   Uses
      At line 17 in file practice1.s
Comment: LOOP used once
LOOP2 00000024

Symbol: LOOP2
   Definitions
      At line 27 in file practice1.s
   Uses
      At line 33 in file practice1.s
      At line 39 in file practice1.s

RET 00000032

Symbol: RET
   Definitions
      At line 33 in file practice1.s
   Uses
      None
Comment: RET unused
Reset_Handler 00000000




ARM Macro Assembler    Page 2 Alphabetic symbol ordering
Relocatable symbols

Symbol: Reset_Handler
   Definitions
      At line 10 in file practice1.s
   Uses
      At line 5 in file practice1.s
      At line 9 in file practice1.s

STOP 0000004E

Symbol: STOP
   Definitions
      At line 46 in file practice1.s
   Uses
      At line 25 in file practice1.s
      At line 46 in file practice1.s

UPDATE 00000034

Symbol: UPDATE
   Definitions
      At line 35 in file practice1.s
   Uses
      At line 31 in file practice1.s
Comment: UPDATE used once
mycode 00000000

Symbol: mycode
   Definitions
      At line 7 in file practice1.s
   Uses
      None
Comment: mycode unused
11 symbols



ARM Macro Assembler    Page 1 Alphabetic symbol ordering
Relocatable symbols

OUT 00000000

Symbol: OUT
   Definitions
      At line 49 in file practice1.s
   Uses
      At line 13 in file practice1.s
      At line 20 in file practice1.s

data 00000000

Symbol: data
   Definitions
      At line 48 in file practice1.s
   Uses
      None
Comment: data unused
2 symbols
348 symbols in table
